I, [2018-09-14T17:12:55.361073 #43368]  INFO -- default-vbox-mysqle4: -----> Cleaning up any prior instances of <default-vbox-mysqle4>
I, [2018-09-14T17:12:55.361351 #43368]  INFO -- default-vbox-mysqle4: -----> Destroying <default-vbox-mysqle4>...
I, [2018-09-14T17:12:55.364731 #43368]  INFO -- default-vbox-mysqle4: Finished destroying <default-vbox-mysqle4> (0m0.00s).
I, [2018-09-14T17:12:55.365213 #43368]  INFO -- default-vbox-mysqle4: -----> Testing <default-vbox-mysqle4>
I, [2018-09-14T17:12:55.365381 #43368]  INFO -- default-vbox-mysqle4: -----> Creating <default-vbox-mysqle4>...
I, [2018-09-14T17:12:57.148991 #43368]  INFO -- default-vbox-mysqle4: Bringing machine 'default' up with 'virtualbox' provider...
I, [2018-09-14T17:12:57.346930 #43368]  INFO -- default-vbox-mysqle4: ==> default: Importing base box 'mysql64'...
I, [2018-09-14T17:13:10.648012 #43368]  INFO -- default-vbox-mysqle4: [KProgress: 10%[KProgress: 20%[KProgress: 30%[KProgress: 40%[KProgress: 50%[KProgress: 60%[KProgress: 80%[KProgress: 90%[K==> default: Matching MAC address for NAT networking...
I, [2018-09-14T17:13:11.443084 #43368]  INFO -- default-vbox-mysqle4: ==> default: Setting the name of the VM: kitchen-kitchen-mysql64-default-vbox-mysqle4
I, [2018-09-14T17:13:11.924553 #43368]  INFO -- default-vbox-mysqle4: ==> default: Fixed port collision for 22 => 2222. Now on port 2201.
I, [2018-09-14T17:13:11.984514 #43368]  INFO -- default-vbox-mysqle4: ==> default: Clearing any previously set network interfaces...
I, [2018-09-14T17:13:12.047425 #43368]  INFO -- default-vbox-mysqle4: ==> default: Preparing network interfaces based on configuration...
I, [2018-09-14T17:13:12.047941 #43368]  INFO -- default-vbox-mysqle4:     default: Adapter 1: nat
I, [2018-09-14T17:13:12.112359 #43368]  INFO -- default-vbox-mysqle4: ==> default: Forwarding ports...
I, [2018-09-14T17:13:12.207665 #43368]  INFO -- default-vbox-mysqle4:     default: 22 (guest) => 2201 (host) (adapter 1)
I, [2018-09-14T17:13:12.389275 #43368]  INFO -- default-vbox-mysqle4: ==> default: Booting VM...
I, [2018-09-14T17:13:12.664207 #43368]  INFO -- default-vbox-mysqle4: ==> default: Waiting for machine to boot. This may take a few minutes...
I, [2018-09-14T17:13:13.049711 #43368]  INFO -- default-vbox-mysqle4:     default: SSH address: 127.0.0.1:2201
I, [2018-09-14T17:13:13.049962 #43368]  INFO -- default-vbox-mysqle4:     default: SSH username: vagrant
I, [2018-09-14T17:13:13.050321 #43368]  INFO -- default-vbox-mysqle4:     default: SSH auth method: private key
I, [2018-09-14T17:13:29.015785 #43368]  INFO -- default-vbox-mysqle4:     default: 
I, [2018-09-14T17:13:29.016101 #43368]  INFO -- default-vbox-mysqle4:     default: Vagrant insecure key detected. Vagrant will automatically replace
I, [2018-09-14T17:13:29.016162 #43368]  INFO -- default-vbox-mysqle4:     default: this with a newly generated keypair for better security.
I, [2018-09-14T17:13:29.458897 #43368]  INFO -- default-vbox-mysqle4:     default: 
I, [2018-09-14T17:13:29.458969 #43368]  INFO -- default-vbox-mysqle4:     default: Inserting generated public key within guest...
I, [2018-09-14T17:13:29.515543 #43368]  INFO -- default-vbox-mysqle4:     default: Removing insecure key from the guest if it's present...
I, [2018-09-14T17:13:29.559219 #43368]  INFO -- default-vbox-mysqle4:     default: Key inserted! Disconnecting and reconnecting using new SSH key...
I, [2018-09-14T17:13:30.737825 #43368]  INFO -- default-vbox-mysqle4: ==> default: Machine booted and ready!
I, [2018-09-14T17:13:30.738383 #43368]  INFO -- default-vbox-mysqle4: ==> default: Checking for guest additions in VM...
I, [2018-09-14T17:13:30.795830 #43368]  INFO -- default-vbox-mysqle4: ==> default: Setting hostname...
I, [2018-09-14T17:13:30.993063 #43368]  INFO -- default-vbox-mysqle4: ==> default: Machine not provisioned because `--no-provision` is specified.
I, [2018-09-14T17:13:33.388403 #43368]  INFO -- default-vbox-mysqle4: [SSH] Established
I, [2018-09-14T17:13:33.389030 #43368]  INFO -- default-vbox-mysqle4: Vagrant instance <default-vbox-mysqle4> created.
I, [2018-09-14T17:13:33.389945 #43368]  INFO -- default-vbox-mysqle4: Finished creating <default-vbox-mysqle4> (0m38.02s).
I, [2018-09-14T17:13:33.390665 #43368]  INFO -- default-vbox-mysqle4: -----> Converging <default-vbox-mysqle4>...
I, [2018-09-14T17:13:33.391753 #43368]  INFO -- default-vbox-mysqle4: Preparing files for transfer
I, [2018-09-14T17:13:33.392330 #43368]  INFO -- default-vbox-mysqle4: Preparing script
I, [2018-09-14T17:13:33.392660 #43368]  INFO -- default-vbox-mysqle4: No provisioner script file specified, skipping
I, [2018-09-14T17:13:33.402413 #43368]  INFO -- default-vbox-mysqle4: Transferring files to <default-vbox-mysqle4>
I, [2018-09-14T17:13:33.402791 #43368]  INFO -- default-vbox-mysqle4: Downloading files from <default-vbox-mysqle4>
I, [2018-09-14T17:13:33.403654 #43368]  INFO -- default-vbox-mysqle4: Finished converging <default-vbox-mysqle4> (0m0.01s).
I, [2018-09-14T17:13:33.403853 #43368]  INFO -- default-vbox-mysqle4: -----> Setting up <default-vbox-mysqle4>...
I, [2018-09-14T17:13:33.404733 #43368]  INFO -- default-vbox-mysqle4: Finished setting up <default-vbox-mysqle4> (0m0.00s).
I, [2018-09-14T17:13:33.404870 #43368]  INFO -- default-vbox-mysqle4: -----> Verifying <default-vbox-mysqle4>...
I, [2018-09-14T17:13:33.561141 #43368]  INFO -- default-vbox-mysqle4: Loaded tests from {:path=>".Users.alext.git.kitchen-mysql64.test.integration.default"} 
I, [2018-09-14T17:13:33.683982 #43368]  INFO -- default-vbox-mysqle4: Finished verifying <default-vbox-mysqle4> (0m0.28s).
I, [2018-09-14T17:13:33.686130 #43368]  INFO -- default-vbox-mysqle4: -----> Destroying <default-vbox-mysqle4>...
I, [2018-09-14T17:13:36.500701 #43368]  INFO -- default-vbox-mysqle4: ==> default: Forcing shutdown of VM...
I, [2018-09-14T17:13:37.833441 #43368]  INFO -- default-vbox-mysqle4: ==> default: Destroying VM and associated drives...
I, [2018-09-14T17:13:38.094387 #43368]  INFO -- default-vbox-mysqle4: Vagrant instance <default-vbox-mysqle4> destroyed.
I, [2018-09-14T17:13:38.095951 #43368]  INFO -- default-vbox-mysqle4: Finished destroying <default-vbox-mysqle4> (0m4.41s).
I, [2018-09-14T17:13:38.096323 #43368]  INFO -- default-vbox-mysqle4: Finished testing <default-vbox-mysqle4> (0m42.73s).
